# JRE version: Java(TM) SE Runtime Environment (8.0_152-b16) (build 1.8.0_152-b16)
# Java VM: Java HotSpot(TM) 64-Bit Server VM (25.152-b16 mixed mode windows-amd64 compressed oops)
Heap:
 PSYoungGen      total 275968K, used 128683K [0x00000000d5b80000, 0x00000000e8c00000, 0x0000000100000000)
  eden space 240128K, 44% used [0x00000000d5b80000,0x00000000dc35cdc8,0x00000000e4600000)
  from space 35840K, 62% used [0x00000000e4600000,0x00000000e5bce1c0,0x00000000e6900000)
  to   space 33792K, 0% used [0x00000000e6b00000,0x00000000e6b00000,0x00000000e8c00000)
 ParOldGen       total 128000K, used 41696K [0x0000000081200000, 0x0000000088f00000, 0x00000000d5b80000)
  object space 128000K, 32% used [0x0000000081200000,0x0000000083ab8320,0x0000000088f00000)
 Metaspace       used 54757K, capacity 55654K, committed 56064K, reserved 1099776K
  class space    used 6333K, capacity 6591K, committed 6656K, reserved 1048576K
GC Heap History (10 events):
Event: 6.070 GC heap before
{Heap before GC invocations=11 (full 1):
 PSYoungGen      total 157696K, used 154741K [0x00000000d5b80000, 0x00000000e4480000, 0x0000000100000000)
  eden space 129536K, 100% used [0x00000000d5b80000,0x00000000dda00000,0x00000000dda00000)
  from space 28160K, 89% used [0x00000000dda00000,0x00000000df29d668,0x00000000df580000)
  to   space 31232K, 0% used [0x00000000e2600000,0x00000000e2600000,0x00000000e4480000)
 ParOldGen       total 69632K, used 44338K [0x0000000081200000, 0x0000000085600000, 0x00000000d5b80000)
  object space 69632K, 63% used [0x0000000081200000,0x0000000083d4c868,0x0000000085600000)
 Metaspace       used 28911K, capacity 29582K, committed 29824K, reserved 1075200K
  class space    used 3445K, capacity 3657K, committed 3712K, reserved 1048576K
Event: 6.100 GC heap after
Heap after GC invocations=11 (full 1):
 PSYoungGen      total 205312K, used 24580K [0x00000000d5b80000, 0x00000000e4c80000, 0x0000000100000000)
  eden space 174080K, 0% used [0x00000000d5b80000,0x00000000d5b80000,0x00000000e0580000)
  from space 31232K, 78% used [0x00000000e2600000,0x00000000e3e01048,0x00000000e4480000)
  to   space 33280K, 0% used [0x00000000e0580000,0x00000000e0580000,0x00000000e2600000)
 ParOldGen       total 69632K, used 48064K [0x0000000081200000, 0x0000000085600000, 0x00000000d5b80000)
  object space 69632K, 69% used [0x0000000081200000,0x00000000840f03b8,0x0000000085600000)
 Metaspace       used 28911K, capacity 29582K, committed 29824K, reserved 1075200K
  class space    used 3445K, capacity 3657K, committed 3712K, reserved 1048576K
}
Event: 6.624 GC heap before
{Heap before GC invocations=12 (full 1):
 PSYoungGen      total 205312K, used 198660K [0x00000000d5b80000, 0x00000000e4c80000, 0x0000000100000000)
  eden space 174080K, 100% used [0x00000000d5b80000,0x00000000e0580000,0x00000000e0580000)
  from space 31232K, 78% used [0x00000000e2600000,0x00000000e3e01048,0x00000000e4480000)
  to   space 33280K, 0% used [0x00000000e0580000,0x00000000e0580000,0x00000000e2600000)
 ParOldGen       total 69632K, used 48064K [0x0000000081200000, 0x0000000085600000, 0x00000000d5b80000)
  object space 69632K, 69% used [0x0000000081200000,0x00000000840f03b8,0x0000000085600000)
 Metaspace       used 29359K, capacity 30066K, committed 30336K, reserved 1075200K
  class space    used 3502K, capacity 3693K, committed 3712K, reserved 1048576K
Event: 6.652 GC heap after
Heap after GC invocations=12 (full 1):
 PSYoungGen      total 207360K, used 25586K [0x00000000d5b80000, 0x00000000e8d80000, 0x0000000100000000)
  eden space 174080K, 0% used [0x00000000d5b80000,0x00000000d5b80000,0x00000000e0580000)
  from space 33280K, 76% used [0x00000000e0580000,0x00000000e1e7cba8,0x00000000e2600000)
  to   space 35328K, 0% used [0x00000000e6b00000,0x00000000e6b00000,0x00000000e8d80000)
 ParOldGen       total 69632K, used 49672K [0x0000000081200000, 0x0000000085600000, 0x00000000d5b80000)
  object space 69632K, 71% used [0x0000000081200000,0x0000000084282200,0x0000000085600000)
 Metaspace       used 29359K, capacity 30066K, committed 30336K, reserved 1075200K
  class space    used 3502K, capacity 3693K, committed 3712K, reserved 1048576K
}
Event: 7.121 GC heap before
{Heap before GC invocations=13 (full 1):
 PSYoungGen      total 207360K, used 66619K [0x00000000d5b80000, 0x00000000e8d80000, 0x0000000100000000)
  eden space 174080K, 23% used [0x00000000d5b80000,0x00000000d8392108,0x00000000e0580000)
  from space 33280K, 76% used [0x00000000e0580000,0x00000000e1e7cba8,0x00000000e2600000)
  to   space 35328K, 0% used [0x00000000e6b00000,0x00000000e6b00000,0x00000000e8d80000)
 ParOldGen       total 69632K, used 49672K [0x0000000081200000, 0x0000000085600000, 0x00000000d5b80000)
  object space 69632K, 71% used [0x0000000081200000,0x0000000084282200,0x0000000085600000)
 Metaspace       used 34546K, capacity 35256K, committed 35456K, reserved 1081344K
  class space    used 4125K, capacity 4376K, committed 4480K, reserved 1048576K
Event: 7.135 GC heap after
Heap after GC invocations=13 (full 1):
 PSYoungGen      total 273920K, used 3836K [0x00000000d5b80000, 0x00000000e8c00000, 0x0000000100000000)
  eden space 240128K, 0% used [0x00000000d5b80000,0x00000000d5b80000,0x00000000e4600000)
  from space 33792K, 11% used [0x00000000e6b00000,0x00000000e6ebf338,0x00000000e8c00000)
  to   space 35840K, 0% used [0x00000000e4600000,0x00000000e4600000,0x00000000e6900000)
 ParOldGen       total 69632K, used 56268K [0x0000000081200000, 0x0000000085600000, 0x00000000d5b80000)
  object space 69632K, 80% used [0x0000000081200000,0x00000000848f32f0,0x0000000085600000)
 Metaspace       used 34546K, capacity 35256K, committed 35456K, reserved 1081344K
  class space    used 4125K, capacity 4376K, committed 4480K, reserved 1048576K
}
Event: 7.135 GC heap before
{Heap before GC invocations=14 (full 2):
 PSYoungGen      total 273920K, used 3836K [0x00000000d5b80000, 0x00000000e8c00000, 0x0000000100000000)
  eden space 240128K, 0% used [0x00000000d5b80000,0x00000000d5b80000,0x00000000e4600000)
  from space 33792K, 11% used [0x00000000e6b00000,0x00000000e6ebf338,0x00000000e8c00000)
  to   space 35840K, 0% used [0x00000000e4600000,0x00000000e4600000,0x00000000e6900000)
 ParOldGen       total 69632K, used 56268K [0x0000000081200000, 0x0000000085600000, 0x00000000d5b80000)
  object space 69632K, 80% used [0x0000000081200000,0x00000000848f32f0,0x0000000085600000)
 Metaspace       used 34546K, capacity 35256K, committed 35456K, reserved 1081344K
  class space    used 4125K, capacity 4376K, committed 4480K, reserved 1048576K
Event: 7.324 GC heap after
Heap after GC invocations=14 (full 2):
 PSYoungGen      total 273920K, used 0K [0x00000000d5b80000, 0x00000000e8c00000, 0x0000000100000000)
  eden space 240128K, 0% used [0x00000000d5b80000,0x00000000d5b80000,0x00000000e4600000)
  from space 33792K, 0% used [0x00000000e6b00000,0x00000000e6b00000,0x00000000e8c00000)
  to   space 35840K, 0% used [0x00000000e4600000,0x00000000e4600000,0x00000000e6900000)
 ParOldGen       total 128000K, used 41688K [0x0000000081200000, 0x0000000088f00000, 0x00000000d5b80000)
  object space 128000K, 32% used [0x0000000081200000,0x0000000083ab6320,0x0000000088f00000)
 Metaspace       used 34546K, capacity 35256K, committed 35456K, reserved 1081344K
  class space    used 4125K, capacity 4376K, committed 4480K, reserved 1048576K
}
Event: 307.644 GC heap before
{Heap before GC invocations=15 (full 2):
 PSYoungGen      total 273920K, used 240128K [0x00000000d5b80000, 0x00000000e8c00000, 0x0000000100000000)
  eden space 240128K, 100% used [0x00000000d5b80000,0x00000000e4600000,0x00000000e4600000)
  from space 33792K, 0% used [0x00000000e6b00000,0x00000000e6b00000,0x00000000e8c00000)
  to   space 35840K, 0% used [0x00000000e4600000,0x00000000e4600000,0x00000000e6900000)
 ParOldGen       total 128000K, used 41688K [0x0000000081200000, 0x0000000088f00000, 0x00000000d5b80000)
  object space 128000K, 32% used [0x0000000081200000,0x0000000083ab6320,0x0000000088f00000)
 Metaspace       used 49017K, capacity 49802K, committed 50176K, reserved 1093632K
  class space    used 5877K, capacity 6099K, committed 6144K, reserved 1048576K
Event: 307.673 GC heap after
Heap after GC invocations=15 (full 2):
 PSYoungGen      total 275968K, used 22328K [0x00000000d5b80000, 0x00000000e8c00000, 0x0000000100000000)
  eden space 240128K, 0% used [0x00000000d5b80000,0x00000000d5b80000,0x00000000e4600000)
  from space 35840K, 62% used [0x00000000e4600000,0x00000000e5bce1c0,0x00000000e6900000)
  to   space 33792K, 0% used [0x00000000e6b00000,0x00000000e6b00000,0x00000000e8c00000)
 ParOldGen       total 128000K, used 41696K [0x0000000081200000, 0x0000000088f00000, 0x00000000d5b80000)
  object space 128000K, 32% used [0x0000000081200000,0x0000000083ab8320,0x0000000088f00000)
 Metaspace       used 49017K, capacity 49802K, committed 50176K, reserved 1093632K
  class space    used 5877K, capacity 6099K, committed 6144K, reserved 1048576K
}

