# JRE version: Java(TM) SE Runtime Environment (8.0_152-b16) (build 1.8.0_152-b16)
# Java VM: Java HotSpot(TM) 64-Bit Server VM (25.152-b16 mixed mode windows-amd64 compressed oops)
Heap:
 PSYoungGen      total 293376K, used 52896K [0x00000000d5b80000, 0x00000000ef900000, 0x0000000100000000)
  eden space 257024K, 11% used [0x00000000d5b80000,0x00000000d77cdff0,0x00000000e5680000)
  from space 36352K, 65% used [0x00000000e5680000,0x00000000e6dda348,0x00000000e7a00000)
  to   space 37888K, 0% used [0x00000000ed400000,0x00000000ed400000,0x00000000ef900000)
 ParOldGen       total 115200K, used 33451K [0x0000000081200000, 0x0000000088280000, 0x00000000d5b80000)
  object space 115200K, 29% used [0x0000000081200000,0x00000000832aae28,0x0000000088280000)
 Metaspace       used 53400K, capacity 54192K, committed 54400K, reserved 1097728K
  class space    used 6251K, capacity 6516K, committed 6528K, reserved 1048576K
GC Heap History (10 events):
Event: 7.488 GC heap before
{Heap before GC invocations=11 (full 1):
 PSYoungGen      total 162304K, used 160179K [0x00000000d5b80000, 0x00000000e5180000, 0x0000000100000000)
  eden space 133120K, 100% used [0x00000000d5b80000,0x00000000ddd80000,0x00000000ddd80000)
  from space 29184K, 92% used [0x00000000ddd80000,0x00000000df7ecf38,0x00000000dfa00000)
  to   space 33280K, 0% used [0x00000000e3100000,0x00000000e3100000,0x00000000e5180000)
 ParOldGen       total 69120K, used 48279K [0x0000000081200000, 0x0000000085580000, 0x00000000d5b80000)
  object space 69120K, 69% used [0x0000000081200000,0x0000000084125fa0,0x0000000085580000)
 Metaspace       used 28927K, capacity 29572K, committed 29824K, reserved 1075200K
  class space    used 3443K, capacity 3655K, committed 3712K, reserved 1048576K
Event: 7.524 GC heap after
Heap after GC invocations=11 (full 1):
 PSYoungGen      total 217088K, used 24475K [0x00000000d5b80000, 0x00000000e5800000, 0x0000000100000000)
  eden space 183808K, 0% used [0x00000000d5b80000,0x00000000d5b80000,0x00000000e0f00000)
  from space 33280K, 73% used [0x00000000e3100000,0x00000000e48e6e90,0x00000000e5180000)
  to   space 34816K, 0% used [0x00000000e0f00000,0x00000000e0f00000,0x00000000e3100000)
 ParOldGen       total 69120K, used 53208K [0x0000000081200000, 0x0000000085580000, 0x00000000d5b80000)
  object space 69120K, 76% used [0x0000000081200000,0x00000000845f60a0,0x0000000085580000)
 Metaspace       used 28927K, capacity 29572K, committed 29824K, reserved 1075200K
  class space    used 3443K, capacity 3655K, committed 3712K, reserved 1048576K
}
Event: 8.488 GC heap before
{Heap before GC invocations=12 (full 1):
 PSYoungGen      total 217088K, used 208283K [0x00000000d5b80000, 0x00000000e5800000, 0x0000000100000000)
  eden space 183808K, 100% used [0x00000000d5b80000,0x00000000e0f00000,0x00000000e0f00000)
  from space 33280K, 73% used [0x00000000e3100000,0x00000000e48e6e90,0x00000000e5180000)
  to   space 34816K, 0% used [0x00000000e0f00000,0x00000000e0f00000,0x00000000e3100000)
 ParOldGen       total 69120K, used 53208K [0x0000000081200000, 0x0000000085580000, 0x00000000d5b80000)
  object space 69120K, 76% used [0x0000000081200000,0x00000000845f60a0,0x0000000085580000)
 Metaspace       used 30454K, capacity 31250K, committed 31488K, reserved 1077248K
  class space    used 3608K, capacity 3821K, committed 3840K, reserved 1048576K
Event: 8.541 GC heap after
Heap after GC invocations=12 (full 1):
 PSYoungGen      total 218624K, used 24560K [0x00000000d5b80000, 0x00000000ea100000, 0x0000000100000000)
  eden space 183808K, 0% used [0x00000000d5b80000,0x00000000d5b80000,0x00000000e0f00000)
  from space 34816K, 70% used [0x00000000e0f00000,0x00000000e26fc370,0x00000000e3100000)
  to   space 36352K, 0% used [0x00000000e7d80000,0x00000000e7d80000,0x00000000ea100000)
 ParOldGen       total 69120K, used 55215K [0x0000000081200000, 0x0000000085580000, 0x00000000d5b80000)
  object space 69120K, 79% used [0x0000000081200000,0x00000000847ebe70,0x0000000085580000)
 Metaspace       used 30454K, capacity 31250K, committed 31488K, reserved 1077248K
  class space    used 3608K, capacity 3821K, committed 3840K, reserved 1048576K
}
Event: 9.375 GC heap before
{Heap before GC invocations=13 (full 1):
 PSYoungGen      total 218624K, used 50583K [0x00000000d5b80000, 0x00000000ea100000, 0x0000000100000000)
  eden space 183808K, 14% used [0x00000000d5b80000,0x00000000d74e9bf0,0x00000000e0f00000)
  from space 34816K, 70% used [0x00000000e0f00000,0x00000000e26fc370,0x00000000e3100000)
  to   space 36352K, 0% used [0x00000000e7d80000,0x00000000e7d80000,0x00000000ea100000)
 ParOldGen       total 69120K, used 55215K [0x0000000081200000, 0x0000000085580000, 0x00000000d5b80000)
  object space 69120K, 79% used [0x0000000081200000,0x00000000847ebe70,0x0000000085580000)
 Metaspace       used 34568K, capacity 35288K, committed 35496K, reserved 1081344K
  class space    used 4118K, capacity 4344K, committed 4352K, reserved 1048576K
Event: 9.395 GC heap after
Heap after GC invocations=13 (full 1):
 PSYoungGen      total 289792K, used 3087K [0x00000000d5b80000, 0x00000000e9d80000, 0x0000000100000000)
  eden space 257024K, 0% used [0x00000000d5b80000,0x00000000d5b80000,0x00000000e5680000)
  from space 32768K, 9% used [0x00000000e7d80000,0x00000000e8083c28,0x00000000e9d80000)
  to   space 36352K, 0% used [0x00000000e5680000,0x00000000e5680000,0x00000000e7a00000)
 ParOldGen       total 69120K, used 61536K [0x0000000081200000, 0x0000000085580000, 0x00000000d5b80000)
  object space 69120K, 89% used [0x0000000081200000,0x0000000084e18058,0x0000000085580000)
 Metaspace       used 34568K, capacity 35288K, committed 35496K, reserved 1081344K
  class space    used 4118K, capacity 4344K, committed 4352K, reserved 1048576K
}
Event: 9.395 GC heap before
{Heap before GC invocations=14 (full 2):
 PSYoungGen      total 289792K, used 3087K [0x00000000d5b80000, 0x00000000e9d80000, 0x0000000100000000)
  eden space 257024K, 0% used [0x00000000d5b80000,0x00000000d5b80000,0x00000000e5680000)
  from space 32768K, 9% used [0x00000000e7d80000,0x00000000e8083c28,0x00000000e9d80000)
  to   space 36352K, 0% used [0x00000000e5680000,0x00000000e5680000,0x00000000e7a00000)
 ParOldGen       total 69120K, used 61536K [0x0000000081200000, 0x0000000085580000, 0x00000000d5b80000)
  object space 69120K, 89% used [0x0000000081200000,0x0000000084e18058,0x0000000085580000)
 Metaspace       used 34568K, capacity 35288K, committed 35496K, reserved 1081344K
  class space    used 4118K, capacity 4344K, committed 4352K, reserved 1048576K
Event: 9.547 GC heap after
Heap after GC invocations=14 (full 2):
 PSYoungGen      total 289792K, used 0K [0x00000000d5b80000, 0x00000000e9d80000, 0x0000000100000000)
  eden space 257024K, 0% used [0x00000000d5b80000,0x00000000d5b80000,0x00000000e5680000)
  from space 32768K, 0% used [0x00000000e7d80000,0x00000000e7d80000,0x00000000e9d80000)
  to   space 36352K, 0% used [0x00000000e5680000,0x00000000e5680000,0x00000000e7a00000)
 ParOldGen       total 115200K, used 33443K [0x0000000081200000, 0x0000000088280000, 0x00000000d5b80000)
  object space 115200K, 29% used [0x0000000081200000,0x00000000832a8e28,0x0000000088280000)
 Metaspace       used 34568K, capacity 35288K, committed 35496K, reserved 1081344K
  class space    used 4118K, capacity 4344K, committed 4352K, reserved 1048576K
}
Event: 196.743 GC heap before
{Heap before GC invocations=15 (full 2):
 PSYoungGen      total 289792K, used 257024K [0x00000000d5b80000, 0x00000000e9d80000, 0x0000000100000000)
  eden space 257024K, 100% used [0x00000000d5b80000,0x00000000e5680000,0x00000000e5680000)
  from space 32768K, 0% used [0x00000000e7d80000,0x00000000e7d80000,0x00000000e9d80000)
  to   space 36352K, 0% used [0x00000000e5680000,0x00000000e5680000,0x00000000e7a00000)
 ParOldGen       total 115200K, used 33443K [0x0000000081200000, 0x0000000088280000, 0x00000000d5b80000)
  object space 115200K, 29% used [0x0000000081200000,0x00000000832a8e28,0x0000000088280000)
 Metaspace       used 50017K, capacity 50864K, committed 51072K, reserved 1093632K
  class space    used 5993K, capacity 6260K, committed 6272K, reserved 1048576K
Event: 196.766 GC heap after
Heap after GC invocations=15 (full 2):
 PSYoungGen      total 293376K, used 23912K [0x00000000d5b80000, 0x00000000ef900000, 0x0000000100000000)
  eden space 257024K, 0% used [0x00000000d5b80000,0x00000000d5b80000,0x00000000e5680000)
  from space 36352K, 65% used [0x00000000e5680000,0x00000000e6dda348,0x00000000e7a00000)
  to   space 37888K, 0% used [0x00000000ed400000,0x00000000ed400000,0x00000000ef900000)
 ParOldGen       total 115200K, used 33451K [0x0000000081200000, 0x0000000088280000, 0x00000000d5b80000)
  object space 115200K, 29% used [0x0000000081200000,0x00000000832aae28,0x0000000088280000)
 Metaspace       used 50017K, capacity 50864K, committed 51072K, reserved 1093632K
  class space    used 5993K, capacity 6260K, committed 6272K, reserved 1048576K
}

