# JRE version: Java(TM) SE Runtime Environment (8.0_152-b16) (build 1.8.0_152-b16)
# Java VM: Java HotSpot(TM) 64-Bit Server VM (25.152-b16 mixed mode windows-amd64 compressed oops)
Heap:
 PSYoungGen      total 279552K, used 78883K [0x00000000d5b80000, 0x00000000ee500000, 0x0000000100000000)
  eden space 243200K, 21% used [0x00000000d5b80000,0x00000000d8e9aae0,0x00000000e4900000)
  from space 36352K, 73% used [0x00000000e4900000,0x00000000e62ee428,0x00000000e6c80000)
  to   space 38400K, 0% used [0x00000000ebf80000,0x00000000ebf80000,0x00000000ee500000)
 ParOldGen       total 116224K, used 33675K [0x0000000081200000, 0x0000000088380000, 0x00000000d5b80000)
  object space 116224K, 28% used [0x0000000081200000,0x00000000832e2e88,0x0000000088380000)
 Metaspace       used 54496K, capacity 55324K, committed 55552K, reserved 1097728K
  class space    used 6314K, capacity 6589K, committed 6656K, reserved 1048576K
GC Heap History (10 events):
Event: 7.177 GC heap before
{Heap before GC invocations=11 (full 1):
 PSYoungGen      total 157696K, used 154615K [0x00000000d5b80000, 0x00000000e4780000, 0x0000000100000000)
  eden space 129024K, 100% used [0x00000000d5b80000,0x00000000dd980000,0x00000000dd980000)
  from space 28672K, 89% used [0x00000000dd980000,0x00000000df27dff0,0x00000000df580000)
  to   space 31744K, 0% used [0x00000000e2880000,0x00000000e2880000,0x00000000e4780000)
 ParOldGen       total 69632K, used 45739K [0x0000000081200000, 0x0000000085600000, 0x00000000d5b80000)
  object space 69632K, 65% used [0x0000000081200000,0x0000000083eaad28,0x0000000085600000)
 Metaspace       used 28962K, capacity 29572K, committed 29824K, reserved 1075200K
  class space    used 3434K, capacity 3655K, committed 3712K, reserved 1048576K
Event: 7.205 GC heap after
Heap after GC invocations=11 (full 1):
 PSYoungGen      total 207360K, used 25067K [0x00000000d5b80000, 0x00000000e4f00000, 0x0000000100000000)
  eden space 175616K, 0% used [0x00000000d5b80000,0x00000000d5b80000,0x00000000e0700000)
  from space 31744K, 78% used [0x00000000e2880000,0x00000000e40fadc8,0x00000000e4780000)
  to   space 34304K, 0% used [0x00000000e0700000,0x00000000e0700000,0x00000000e2880000)
 ParOldGen       total 69632K, used 49854K [0x0000000081200000, 0x0000000085600000, 0x00000000d5b80000)
  object space 69632K, 71% used [0x0000000081200000,0x00000000842af858,0x0000000085600000)
 Metaspace       used 28962K, capacity 29572K, committed 29824K, reserved 1075200K
  class space    used 3434K, capacity 3655K, committed 3712K, reserved 1048576K
}
Event: 7.825 GC heap before
{Heap before GC invocations=12 (full 1):
 PSYoungGen      total 207360K, used 200683K [0x00000000d5b80000, 0x00000000e4f00000, 0x0000000100000000)
  eden space 175616K, 100% used [0x00000000d5b80000,0x00000000e0700000,0x00000000e0700000)
  from space 31744K, 78% used [0x00000000e2880000,0x00000000e40fadc8,0x00000000e4780000)
  to   space 34304K, 0% used [0x00000000e0700000,0x00000000e0700000,0x00000000e2880000)
 ParOldGen       total 69632K, used 49854K [0x0000000081200000, 0x0000000085600000, 0x00000000d5b80000)
  object space 69632K, 71% used [0x0000000081200000,0x00000000842af858,0x0000000085600000)
 Metaspace       used 29420K, capacity 30066K, committed 30336K, reserved 1075200K
  class space    used 3495K, capacity 3693K, committed 3712K, reserved 1048576K
Event: 7.860 GC heap after
Heap after GC invocations=12 (full 1):
 PSYoungGen      total 209920K, used 25348K [0x00000000d5b80000, 0x00000000e9200000, 0x0000000100000000)
  eden space 175616K, 0% used [0x00000000d5b80000,0x00000000d5b80000,0x00000000e0700000)
  from space 34304K, 73% used [0x00000000e0700000,0x00000000e1fc1008,0x00000000e2880000)
  to   space 35840K, 0% used [0x00000000e6f00000,0x00000000e6f00000,0x00000000e9200000)
 ParOldGen       total 69632K, used 52112K [0x0000000081200000, 0x0000000085600000, 0x00000000d5b80000)
  object space 69632K, 74% used [0x0000000081200000,0x00000000844e4228,0x0000000085600000)
 Metaspace       used 29420K, capacity 30066K, committed 30336K, reserved 1075200K
  class space    used 3495K, capacity 3693K, committed 3712K, reserved 1048576K
}
Event: 8.432 GC heap before
{Heap before GC invocations=13 (full 1):
 PSYoungGen      total 209920K, used 66610K [0x00000000d5b80000, 0x00000000e9200000, 0x0000000100000000)
  eden space 175616K, 23% used [0x00000000d5b80000,0x00000000d83cbb28,0x00000000e0700000)
  from space 34304K, 73% used [0x00000000e0700000,0x00000000e1fc1008,0x00000000e2880000)
  to   space 35840K, 0% used [0x00000000e6f00000,0x00000000e6f00000,0x00000000e9200000)
 ParOldGen       total 69632K, used 52112K [0x0000000081200000, 0x0000000085600000, 0x00000000d5b80000)
  object space 69632K, 74% used [0x0000000081200000,0x00000000844e4228,0x0000000085600000)
 Metaspace       used 34633K, capacity 35288K, committed 35496K, reserved 1081344K
  class space    used 4117K, capacity 4344K, committed 4352K, reserved 1048576K
Event: 8.447 GC heap after
Heap after GC invocations=13 (full 1):
 PSYoungGen      total 276992K, used 3911K [0x00000000d5b80000, 0x00000000e9000000, 0x0000000100000000)
  eden space 243200K, 0% used [0x00000000d5b80000,0x00000000d5b80000,0x00000000e4900000)
  from space 33792K, 11% used [0x00000000e6f00000,0x00000000e72d1fb8,0x00000000e9000000)
  to   space 36352K, 0% used [0x00000000e4900000,0x00000000e4900000,0x00000000e6c80000)
 ParOldGen       total 69632K, used 57634K [0x0000000081200000, 0x0000000085600000, 0x00000000d5b80000)
  object space 69632K, 82% used [0x0000000081200000,0x0000000084a48aa8,0x0000000085600000)
 Metaspace       used 34633K, capacity 35288K, committed 35496K, reserved 1081344K
  class space    used 4117K, capacity 4344K, committed 4352K, reserved 1048576K
}
Event: 8.447 GC heap before
{Heap before GC invocations=14 (full 2):
 PSYoungGen      total 276992K, used 3911K [0x00000000d5b80000, 0x00000000e9000000, 0x0000000100000000)
  eden space 243200K, 0% used [0x00000000d5b80000,0x00000000d5b80000,0x00000000e4900000)
  from space 33792K, 11% used [0x00000000e6f00000,0x00000000e72d1fb8,0x00000000e9000000)
  to   space 36352K, 0% used [0x00000000e4900000,0x00000000e4900000,0x00000000e6c80000)
 ParOldGen       total 69632K, used 57634K [0x0000000081200000, 0x0000000085600000, 0x00000000d5b80000)
  object space 69632K, 82% used [0x0000000081200000,0x0000000084a48aa8,0x0000000085600000)
 Metaspace       used 34633K, capacity 35288K, committed 35496K, reserved 1081344K
  class space    used 4117K, capacity 4344K, committed 4352K, reserved 1048576K
Event: 8.577 GC heap after
Heap after GC invocations=14 (full 2):
 PSYoungGen      total 276992K, used 0K [0x00000000d5b80000, 0x00000000e9000000, 0x0000000100000000)
  eden space 243200K, 0% used [0x00000000d5b80000,0x00000000d5b80000,0x00000000e4900000)
  from space 33792K, 0% used [0x00000000e6f00000,0x00000000e6f00000,0x00000000e9000000)
  to   space 36352K, 0% used [0x00000000e4900000,0x00000000e4900000,0x00000000e6c80000)
 ParOldGen       total 116224K, used 33667K [0x0000000081200000, 0x0000000088380000, 0x00000000d5b80000)
  object space 116224K, 28% used [0x0000000081200000,0x00000000832e0e88,0x0000000088380000)
 Metaspace       used 34633K, capacity 35288K, committed 35496K, reserved 1081344K
  class space    used 4117K, capacity 4344K, committed 4352K, reserved 1048576K
}
Event: 34.094 GC heap before
{Heap before GC invocations=15 (full 2):
 PSYoungGen      total 276992K, used 243200K [0x00000000d5b80000, 0x00000000e9000000, 0x0000000100000000)
  eden space 243200K, 100% used [0x00000000d5b80000,0x00000000e4900000,0x00000000e4900000)
  from space 33792K, 0% used [0x00000000e6f00000,0x00000000e6f00000,0x00000000e9000000)
  to   space 36352K, 0% used [0x00000000e4900000,0x00000000e4900000,0x00000000e6c80000)
 ParOldGen       total 116224K, used 33667K [0x0000000081200000, 0x0000000088380000, 0x00000000d5b80000)
  object space 116224K, 28% used [0x0000000081200000,0x00000000832e0e88,0x0000000088380000)
 Metaspace       used 52397K, capacity 53194K, committed 53632K, reserved 1095680K
  class space    used 6183K, capacity 6419K, committed 6528K, reserved 1048576K
Event: 34.114 GC heap after
Heap after GC invocations=15 (full 2):
 PSYoungGen      total 279552K, used 26553K [0x00000000d5b80000, 0x00000000ee500000, 0x0000000100000000)
  eden space 243200K, 0% used [0x00000000d5b80000,0x00000000d5b80000,0x00000000e4900000)
  from space 36352K, 73% used [0x00000000e4900000,0x00000000e62ee428,0x00000000e6c80000)
  to   space 38400K, 0% used [0x00000000ebf80000,0x00000000ebf80000,0x00000000ee500000)
 ParOldGen       total 116224K, used 33675K [0x0000000081200000, 0x0000000088380000, 0x00000000d5b80000)
  object space 116224K, 28% used [0x0000000081200000,0x00000000832e2e88,0x0000000088380000)
 Metaspace       used 52397K, capacity 53194K, committed 53632K, reserved 1095680K
  class space    used 6183K, capacity 6419K, committed 6528K, reserved 1048576K
}

